<?xml version='1.0'?>
<ns2:test-suite xmlns:ns2='urn:model.allure.qatools.yandex.ru' start='1649428137123' stop='1649428162169'>
    <name>Home page</name>
    <title>Home page</title>
    <test-cases>
        <test-case start='1649428137131' status='failed' stop='1649428143265'>
            <name>HM_001 User navigation on Home page</name>
            <title>HM_001 User navigation on Home page</title>
            <labels>
                <label name='language' value='javascript'/>
                <label name='framework' value='wdio'/>
                <label name='thread' value='0-0'/>
            </labels>
            <parameters>
                <parameter kind='argument' name='browser' value='chrome-100.0.4896.75'/>
            </parameters>
            <steps>
                <step start='1649428137132' status='passed' stop='1649428140180'>
                    <name>Given User navigates to home page using</name>
                    <title>Given User navigates to home page using</title>
                    <attachments/>
                    <steps/>
                </step>
                <step start='1649428140180' status='passed' stop='1649428143238'>
                    <name>When user clicks on F.A.Q. link on the navigation bar</name>
                    <title>When user clicks on F.A.Q. link on the navigation bar</title>
                    <attachments/>
                    <steps/>
                </step>
                <step start='1649428143238' status='failed' stop='1649428143265'>
                    <name>Then user should be navigated to F.A.Q.</name>
                    <title>Then user should be navigated to F.A.Q.</title>
                    <attachments/>
                    <steps/>
                </step>
            </steps>
            <attachments/>
            <failure>
                <message>AssertionError</message>
                <stack-trace>AssertionError
                    + expected - actual
                
                    -FAQ
                    +F.A.Q.
                
                    at World.&lt;anonymous> (/Users/litzi/Projects/IdentityLabs/NFID-SDK/packages/nfid-frontend/test/features/step-definitions/then.ts:7:62)
                    at step (/Users/litzi/Projects/IdentityLabs/NFID-SDK/packages/nfid-frontend/test/features/step-definitions/then.ts:33:23)
                    at Object.next (/Users/litzi/Projects/IdentityLabs/NFID-SDK/packages/nfid-frontend/test/features/step-definitions/then.ts:14:53)
                    at fulfilled (/Users/litzi/Projects/IdentityLabs/NFID-SDK/packages/nfid-frontend/test/features/step-definitions/then.ts:5:58)
                    at processTicksAndRejections (node:internal/process/task_queues:96:5)</stack-trace>
            </failure>
        </test-case>
        <test-case start='1649428143266' status='failed' stop='1649428149324'>
            <name>HM_001 User navigation on Home page</name>
            <title>HM_001 User navigation on Home page</title>
            <labels>
                <label name='language' value='javascript'/>
                <label name='framework' value='wdio'/>
                <label name='thread' value='0-0'/>
            </labels>
            <parameters>
                <parameter kind='argument' name='browser' value='chrome-100.0.4896.75'/>
            </parameters>
            <steps>
                <step start='1649428143266' status='passed' stop='1649428146247'>
                    <name>Given User navigates to home page using</name>
                    <title>Given User navigates to home page using</title>
                    <attachments/>
                    <steps/>
                </step>
                <step start='1649428146247' status='passed' stop='1649428149294'>
                    <name>When user clicks on Home link on the navigation bar</name>
                    <title>When user clicks on Home link on the navigation bar</title>
                    <attachments/>
                    <steps/>
                </step>
                <step start='1649428149294' status='failed' stop='1649428149324'>
                    <name>Then user should be navigated to Home</name>
                    <title>Then user should be navigated to Home</title>
                    <attachments/>
                    <steps/>
                </step>
            </steps>
            <attachments/>
            <failure>
                <message>AssertionError</message>
                <stack-trace>AssertionError
                    + expected - actual
                
                    -The Identity Layer
                    -for the Internet
                    -Register by scanning the code or Log in with Recovery Phrase
                    -Identity
                    -Scan this code with your phoneâ€™s camera
                    -1/3
                    -Digital wallets are a revolution in online identity management
                    -In today's surveillance society where everything about us is collected and sold between government and industry, digital wallets have the potential of offering us a way out.
                    +Home
                
                    at World.&lt;anonymous> (/Users/litzi/Projects/IdentityLabs/NFID-SDK/packages/nfid-frontend/test/features/step-definitions/then.ts:7:62)
                    at step (/Users/litzi/Projects/IdentityLabs/NFID-SDK/packages/nfid-frontend/test/features/step-definitions/then.ts:33:23)
                    at Object.next (/Users/litzi/Projects/IdentityLabs/NFID-SDK/packages/nfid-frontend/test/features/step-definitions/then.ts:14:53)
                    at fulfilled (/Users/litzi/Projects/IdentityLabs/NFID-SDK/packages/nfid-frontend/test/features/step-definitions/then.ts:5:58)
                    at processTicksAndRejections (node:internal/process/task_queues:96:5)</stack-trace>
            </failure>
        </test-case>
        <test-case start='1649428149325' status='failed' stop='1649428156378'>
            <name>HM_001 User navigation on Home page</name>
            <title>HM_001 User navigation on Home page</title>
            <labels>
                <label name='language' value='javascript'/>
                <label name='framework' value='wdio'/>
                <label name='thread' value='0-0'/>
            </labels>
            <parameters>
                <parameter kind='argument' name='browser' value='chrome-100.0.4896.75'/>
            </parameters>
            <steps>
                <step start='1649428149325' status='passed' stop='1649428153297'>
                    <name>Given User navigates to home page using</name>
                    <title>Given User navigates to home page using</title>
                    <attachments/>
                    <steps/>
                </step>
                <step start='1649428153297' status='passed' stop='1649428156361'>
                    <name>When user clicks on Our mission link on the navigation bar</name>
                    <title>When user clicks on Our mission link on the navigation bar</title>
                    <attachments/>
                    <steps/>
                </step>
                <step start='1649428156361' status='failed' stop='1649428156378'>
                    <name>Then user should be navigated to Our mission</name>
                    <title>Then user should be navigated to Our mission</title>
                    <attachments/>
                    <steps/>
                </step>
            </steps>
            <attachments/>
            <failure>
                <message>AssertionError</message>
                <stack-trace>AssertionError
                    + expected - actual
                
                    -Only with NFID
                    +Our mission
                
                    at World.&lt;anonymous> (/Users/litzi/Projects/IdentityLabs/NFID-SDK/packages/nfid-frontend/test/features/step-definitions/then.ts:7:62)
                    at step (/Users/litzi/Projects/IdentityLabs/NFID-SDK/packages/nfid-frontend/test/features/step-definitions/then.ts:33:23)
                    at Object.next (/Users/litzi/Projects/IdentityLabs/NFID-SDK/packages/nfid-frontend/test/features/step-definitions/then.ts:14:53)
                    at fulfilled (/Users/litzi/Projects/IdentityLabs/NFID-SDK/packages/nfid-frontend/test/features/step-definitions/then.ts:5:58)
                    at processTicksAndRejections (node:internal/process/task_queues:96:5)</stack-trace>
            </failure>
        </test-case>
        <test-case start='1649428156379' status='failed' stop='1649428162168'>
            <name>HM_001 User navigation on Home page</name>
            <title>HM_001 User navigation on Home page</title>
            <labels>
                <label name='language' value='javascript'/>
                <label name='framework' value='wdio'/>
                <label name='thread' value='0-0'/>
            </labels>
            <parameters>
                <parameter kind='argument' name='browser' value='chrome-100.0.4896.75'/>
                <parameter kind='environment-variable' name='Environment:' value='undefined'/>
            </parameters>
            <steps>
                <step start='1649428156379' status='passed' stop='1649428159108'>
                    <name>Given User navigates to home page using</name>
                    <title>Given User navigates to home page using</title>
                    <attachments/>
                    <steps/>
                </step>
                <step start='1649428159108' status='passed' stop='1649428162151'>
                    <name>When user clicks on Partners link on the navigation bar</name>
                    <title>When user clicks on Partners link on the navigation bar</title>
                    <attachments/>
                    <steps/>
                </step>
                <step start='1649428162151' status='failed' stop='1649428162168'>
                    <name>Then user should be navigated to Partners</name>
                    <title>Then user should be navigated to Partners</title>
                    <attachments/>
                    <steps/>
                </step>
            </steps>
            <attachments/>
            <failure>
                <message>AssertionError</message>
                <stack-trace>AssertionError
                    + expected - actual
                
                    -Our mission
                    +Partners
                
                    at World.&lt;anonymous> (/Users/litzi/Projects/IdentityLabs/NFID-SDK/packages/nfid-frontend/test/features/step-definitions/then.ts:7:62)
                    at step (/Users/litzi/Projects/IdentityLabs/NFID-SDK/packages/nfid-frontend/test/features/step-definitions/then.ts:33:23)
                    at Object.next (/Users/litzi/Projects/IdentityLabs/NFID-SDK/packages/nfid-frontend/test/features/step-definitions/then.ts:14:53)
                    at fulfilled (/Users/litzi/Projects/IdentityLabs/NFID-SDK/packages/nfid-frontend/test/features/step-definitions/then.ts:5:58)
                    at processTicksAndRejections (node:internal/process/task_queues:96:5)</stack-trace>
            </failure>
        </test-case>
    </test-cases>
</ns2:test-suite>