<?xml version='1.0'?>
<ns2:test-suite xmlns:ns2='urn:model.allure.qatools.yandex.ru' start='1649428949547' stop='1649428973751'>
    <name>Home page</name>
    <title>Home page</title>
    <test-cases>
        <test-case start='1649428949554' status='failed' stop='1649428957322'>
            <name>HM_001 User navigation on Home page</name>
            <title>HM_001 User navigation on Home page</title>
            <labels>
                <label name='language' value='javascript'/>
                <label name='framework' value='wdio'/>
                <label name='thread' value='0-0'/>
            </labels>
            <parameters>
                <parameter kind='argument' name='browser' value='chrome-100.0.4896.75'/>
            </parameters>
            <steps>
                <step start='1649428949555' status='passed' stop='1649428954219'>
                    <name>Given User navigates to home page using</name>
                    <title>Given User navigates to home page using</title>
                    <attachments/>
                    <steps/>
                </step>
                <step start='1649428954219' status='passed' stop='1649428957299'>
                    <name>When user clicks on F.A.Q. link on the navigation bar</name>
                    <title>When user clicks on F.A.Q. link on the navigation bar</title>
                    <attachments/>
                    <steps/>
                </step>
                <step start='1649428957299' status='failed' stop='1649428957322'>
                    <name>Then user should be navigated to F.A.Q.</name>
                    <title>Then user should be navigated to F.A.Q.</title>
                    <attachments/>
                    <steps/>
                </step>
            </steps>
            <attachments/>
            <failure>
                <message>AssertionError</message>
                <stack-trace>AssertionError
                    + expected - actual
                
                    -FAQ
                    +F.A.Q.
                
                    at World.&lt;anonymous> (/Users/litzi/Projects/IdentityLabs/NFID-SDK/packages/nfid-frontend/test/features/step-definitions/then.ts:7:62)
                    at step (/Users/litzi/Projects/IdentityLabs/NFID-SDK/packages/nfid-frontend/test/features/step-definitions/then.ts:33:23)
                    at Object.next (/Users/litzi/Projects/IdentityLabs/NFID-SDK/packages/nfid-frontend/test/features/step-definitions/then.ts:14:53)
                    at fulfilled (/Users/litzi/Projects/IdentityLabs/NFID-SDK/packages/nfid-frontend/test/features/step-definitions/then.ts:5:58)
                    at processTicksAndRejections (node:internal/process/task_queues:96:5)</stack-trace>
            </failure>
        </test-case>
        <test-case start='1649428957323' status='failed' stop='1649428963035'>
            <name>HM_001 User navigation on Home page</name>
            <title>HM_001 User navigation on Home page</title>
            <labels>
                <label name='language' value='javascript'/>
                <label name='framework' value='wdio'/>
                <label name='thread' value='0-0'/>
            </labels>
            <parameters>
                <parameter kind='argument' name='browser' value='chrome-100.0.4896.75'/>
            </parameters>
            <steps>
                <step start='1649428957323' status='passed' stop='1649428959963'>
                    <name>Given User navigates to home page using</name>
                    <title>Given User navigates to home page using</title>
                    <attachments/>
                    <steps/>
                </step>
                <step start='1649428959963' status='passed' stop='1649428963013'>
                    <name>When user clicks on Home link on the navigation bar</name>
                    <title>When user clicks on Home link on the navigation bar</title>
                    <attachments/>
                    <steps/>
                </step>
                <step start='1649428963013' status='failed' stop='1649428963035'>
                    <name>Then user should be navigated to Home</name>
                    <title>Then user should be navigated to Home</title>
                    <attachments/>
                    <steps/>
                </step>
            </steps>
            <attachments/>
            <failure>
                <message>AssertionError</message>
                <stack-trace>AssertionError
                    + expected - actual
                
                    -The Identity Layer
                    -for the Internet
                    -Register by scanning the code or Log in with Recovery Phrase
                    -Identity
                    -Scan this code with your phoneâ€™s camera
                    -1/3
                    -Digital wallets are a revolution in online identity management
                    -In today's surveillance society where everything about us is collected and sold between government and industry, digital wallets have the potential of offering us a way out.
                    +Home
                
                    at World.&lt;anonymous> (/Users/litzi/Projects/IdentityLabs/NFID-SDK/packages/nfid-frontend/test/features/step-definitions/then.ts:7:62)
                    at step (/Users/litzi/Projects/IdentityLabs/NFID-SDK/packages/nfid-frontend/test/features/step-definitions/then.ts:33:23)
                    at Object.next (/Users/litzi/Projects/IdentityLabs/NFID-SDK/packages/nfid-frontend/test/features/step-definitions/then.ts:14:53)
                    at fulfilled (/Users/litzi/Projects/IdentityLabs/NFID-SDK/packages/nfid-frontend/test/features/step-definitions/then.ts:5:58)
                    at processTicksAndRejections (node:internal/process/task_queues:96:5)</stack-trace>
            </failure>
        </test-case>
        <test-case start='1649428963036' status='failed' stop='1649428968186'>
            <name>HM_001 User navigation on Home page</name>
            <title>HM_001 User navigation on Home page</title>
            <labels>
                <label name='language' value='javascript'/>
                <label name='framework' value='wdio'/>
                <label name='thread' value='0-0'/>
            </labels>
            <parameters>
                <parameter kind='argument' name='browser' value='chrome-100.0.4896.75'/>
            </parameters>
            <steps>
                <step start='1649428963036' status='passed' stop='1649428965095'>
                    <name>Given User navigates to home page using</name>
                    <title>Given User navigates to home page using</title>
                    <attachments/>
                    <steps/>
                </step>
                <step start='1649428965095' status='passed' stop='1649428968167'>
                    <name>When user clicks on Our mission link on the navigation bar</name>
                    <title>When user clicks on Our mission link on the navigation bar</title>
                    <attachments/>
                    <steps/>
                </step>
                <step start='1649428968167' status='failed' stop='1649428968186'>
                    <name>Then user should be navigated to Our mission</name>
                    <title>Then user should be navigated to Our mission</title>
                    <attachments/>
                    <steps/>
                </step>
            </steps>
            <attachments/>
            <failure>
                <message>AssertionError</message>
                <stack-trace>AssertionError
                    + expected - actual
                
                    -Only with NFID
                    +Our mission
                
                    at World.&lt;anonymous> (/Users/litzi/Projects/IdentityLabs/NFID-SDK/packages/nfid-frontend/test/features/step-definitions/then.ts:7:62)
                    at step (/Users/litzi/Projects/IdentityLabs/NFID-SDK/packages/nfid-frontend/test/features/step-definitions/then.ts:33:23)
                    at Object.next (/Users/litzi/Projects/IdentityLabs/NFID-SDK/packages/nfid-frontend/test/features/step-definitions/then.ts:14:53)
                    at fulfilled (/Users/litzi/Projects/IdentityLabs/NFID-SDK/packages/nfid-frontend/test/features/step-definitions/then.ts:5:58)
                    at processTicksAndRejections (node:internal/process/task_queues:96:5)</stack-trace>
            </failure>
        </test-case>
        <test-case start='1649428968186' status='failed' stop='1649428973750'>
            <name>HM_001 User navigation on Home page</name>
            <title>HM_001 User navigation on Home page</title>
            <labels>
                <label name='language' value='javascript'/>
                <label name='framework' value='wdio'/>
                <label name='thread' value='0-0'/>
            </labels>
            <parameters>
                <parameter kind='argument' name='browser' value='chrome-100.0.4896.75'/>
                <parameter kind='environment-variable' name='Environment:' value='undefined'/>
            </parameters>
            <steps>
                <step start='1649428968187' status='passed' stop='1649428970669'>
                    <name>Given User navigates to home page using</name>
                    <title>Given User navigates to home page using</title>
                    <attachments/>
                    <steps/>
                </step>
                <step start='1649428970669' status='passed' stop='1649428973732'>
                    <name>When user clicks on Partners link on the navigation bar</name>
                    <title>When user clicks on Partners link on the navigation bar</title>
                    <attachments/>
                    <steps/>
                </step>
                <step start='1649428973732' status='failed' stop='1649428973750'>
                    <name>Then user should be navigated to Partners</name>
                    <title>Then user should be navigated to Partners</title>
                    <attachments/>
                    <steps/>
                </step>
            </steps>
            <attachments/>
            <failure>
                <message>AssertionError</message>
                <stack-trace>AssertionError
                    + expected - actual
                
                    -Our mission
                    +Partners
                
                    at World.&lt;anonymous> (/Users/litzi/Projects/IdentityLabs/NFID-SDK/packages/nfid-frontend/test/features/step-definitions/then.ts:7:62)
                    at step (/Users/litzi/Projects/IdentityLabs/NFID-SDK/packages/nfid-frontend/test/features/step-definitions/then.ts:33:23)
                    at Object.next (/Users/litzi/Projects/IdentityLabs/NFID-SDK/packages/nfid-frontend/test/features/step-definitions/then.ts:14:53)
                    at fulfilled (/Users/litzi/Projects/IdentityLabs/NFID-SDK/packages/nfid-frontend/test/features/step-definitions/then.ts:5:58)
                    at processTicksAndRejections (node:internal/process/task_queues:96:5)</stack-trace>
            </failure>
        </test-case>
    </test-cases>
</ns2:test-suite>